# JRE version: OpenJDK Runtime Environment (8.0_242-b01) (build 1.8.0_242-release-1644-b01)
# Java VM: OpenJDK 64-Bit Server VM (25.242-b01 mixed mode windows-amd64 compressed oops)
Heap:
 PSYoungGen      total 460800K, used 170803K [0x00000000d5580000, 0x00000000f7880000, 0x0000000100000000)
  eden space 404480K, 39% used [0x00000000d5580000,0x00000000df011930,0x00000000ee080000)
  from space 56320K, 22% used [0x00000000ee080000,0x00000000eecbb438,0x00000000f1780000)
  to   space 56832K, 0% used [0x00000000f4100000,0x00000000f4100000,0x00000000f7880000)
 ParOldGen       total 130048K, used 108529K [0x0000000080000000, 0x0000000087f00000, 0x00000000d5580000)
  object space 130048K, 83% used [0x0000000080000000,0x00000000869fc6c0,0x0000000087f00000)
 Metaspace       used 98722K, capacity 103886K, committed 104024K, reserved 1140736K
  class space    used 12690K, capacity 13634K, committed 13696K, reserved 1048576K
GC Heap History (10 events):
Event: 1311.944 GC heap before
{Heap before GC invocations=31 (full 4):
 PSYoungGen      total 454144K, used 451996K [0x00000000d5580000, 0x00000000f6400000, 0x0000000100000000)
  eden space 404480K, 100% used [0x00000000d5580000,0x00000000ee080000,0x00000000ee080000)
  from space 49664K, 95% used [0x00000000f1780000,0x00000000f45e7000,0x00000000f4800000)
  to   space 56320K, 0% used [0x00000000ee080000,0x00000000ee080000,0x00000000f1780000)
 ParOldGen       total 130048K, used 95287K [0x0000000080000000, 0x0000000087f00000, 0x00000000d5580000)
  object space 130048K, 73% used [0x0000000080000000,0x0000000085d0df60,0x0000000087f00000)
 Metaspace       used 98442K, capacity 103544K, committed 103768K, reserved 1138688K
  class space    used 12651K, capacity 13575K, committed 13696K, reserved 1048576K
Event: 1312.275 GC heap after
Heap after GC invocations=31 (full 4):
 PSYoungGen      total 460800K, used 43085K [0x00000000d5580000, 0x00000000f6400000, 0x0000000100000000)
  eden space 404480K, 0% used [0x00000000d5580000,0x00000000d5580000,0x00000000ee080000)
  from space 56320K, 76% used [0x00000000ee080000,0x00000000f0a93760,0x00000000f1780000)
  to   space 49664K, 0% used [0x00000000f1780000,0x00000000f1780000,0x00000000f4800000)
 ParOldGen       total 130048K, used 101364K [0x0000000080000000, 0x0000000087f00000, 0x00000000d5580000)
  object space 130048K, 77% used [0x0000000080000000,0x00000000862fd360,0x0000000087f00000)
 Metaspace       used 98442K, capacity 103544K, committed 103768K, reserved 1138688K
  class space    used 12651K, capacity 13575K, committed 13696K, reserved 1048576K
}
Event: 1314.737 GC heap before
{Heap before GC invocations=32 (full 4):
 PSYoungGen      total 460800K, used 447565K [0x00000000d5580000, 0x00000000f6400000, 0x0000000100000000)
  eden space 404480K, 100% used [0x00000000d5580000,0x00000000ee080000,0x00000000ee080000)
  from space 56320K, 76% used [0x00000000ee080000,0x00000000f0a93760,0x00000000f1780000)
  to   space 49664K, 0% used [0x00000000f1780000,0x00000000f1780000,0x00000000f4800000)
 ParOldGen       total 130048K, used 101364K [0x0000000080000000, 0x0000000087f00000, 0x00000000d5580000)
  object space 130048K, 77% used [0x0000000080000000,0x00000000862fd360,0x0000000087f00000)
 Metaspace       used 98554K, capacity 103660K, committed 103768K, reserved 1138688K
  class space    used 12668K, capacity 13611K, committed 13696K, reserved 1048576K
Event: 1314.827 GC heap after
Heap after GC invocations=32 (full 4):
 PSYoungGen      total 454144K, used 27748K [0x00000000d5580000, 0x00000000f6400000, 0x0000000100000000)
  eden space 404480K, 0% used [0x00000000d5580000,0x00000000d5580000,0x00000000ee080000)
  from space 49664K, 55% used [0x00000000f1780000,0x00000000f32991d0,0x00000000f4800000)
  to   space 56320K, 0% used [0x00000000ee080000,0x00000000ee080000,0x00000000f1780000)
 ParOldGen       total 130048K, used 116384K [0x0000000080000000, 0x0000000087f00000, 0x00000000d5580000)
  object space 130048K, 89% used [0x0000000080000000,0x00000000871a8140,0x0000000087f00000)
 Metaspace       used 98554K, capacity 103660K, committed 103768K, reserved 1138688K
  class space    used 12668K, capacity 13611K, committed 13696K, reserved 1048576K
}
Event: 1314.827 GC heap before
{Heap before GC invocations=33 (full 5):
 PSYoungGen      total 454144K, used 27748K [0x00000000d5580000, 0x00000000f6400000, 0x0000000100000000)
  eden space 404480K, 0% used [0x00000000d5580000,0x00000000d5580000,0x00000000ee080000)
  from space 49664K, 55% used [0x00000000f1780000,0x00000000f32991d0,0x00000000f4800000)
  to   space 56320K, 0% used [0x00000000ee080000,0x00000000ee080000,0x00000000f1780000)
 ParOldGen       total 130048K, used 116384K [0x0000000080000000, 0x0000000087f00000, 0x00000000d5580000)
  object space 130048K, 89% used [0x0000000080000000,0x00000000871a8140,0x0000000087f00000)
 Metaspace       used 98554K, capacity 103660K, committed 103768K, reserved 1138688K
  class space    used 12668K, capacity 13611K, committed 13696K, reserved 1048576K
Event: 1315.789 GC heap after
Heap after GC invocations=33 (full 5):
 PSYoungGen      total 454144K, used 0K [0x00000000d5580000, 0x00000000f6400000, 0x0000000100000000)
  eden space 404480K, 0% used [0x00000000d5580000,0x00000000d5580000,0x00000000ee080000)
  from space 49664K, 0% used [0x00000000f1780000,0x00000000f1780000,0x00000000f4800000)
  to   space 56320K, 0% used [0x00000000ee080000,0x00000000ee080000,0x00000000f1780000)
 ParOldGen       total 130048K, used 116197K [0x0000000080000000, 0x0000000087f00000, 0x00000000d5580000)
  object space 130048K, 89% used [0x0000000080000000,0x0000000087179530,0x0000000087f00000)
 Metaspace       used 98554K, capacity 103660K, committed 103768K, reserved 1138688K
  class space    used 12668K, capacity 13611K, committed 13696K, reserved 1048576K
}
Event: 1319.027 GC heap before
{Heap before GC invocations=34 (full 6):
 PSYoungGen      total 454144K, used 404480K [0x00000000d5580000, 0x00000000f6400000, 0x0000000100000000)
  eden space 404480K, 100% used [0x00000000d5580000,0x00000000ee080000,0x00000000ee080000)
  from space 49664K, 0% used [0x00000000f1780000,0x00000000f1780000,0x00000000f4800000)
  to   space 56320K, 0% used [0x00000000ee080000,0x00000000ee080000,0x00000000f1780000)
 ParOldGen       total 130048K, used 116197K [0x0000000080000000, 0x0000000087f00000, 0x00000000d5580000)
  object space 130048K, 89% used [0x0000000080000000,0x0000000087179530,0x0000000087f00000)
 Metaspace       used 98684K, capacity 103880K, committed 104024K, reserved 1140736K
  class space    used 12688K, capacity 13633K, committed 13696K, reserved 1048576K
Event: 1319.803 GC heap after
Heap after GC invocations=34 (full 6):
 PSYoungGen      total 454144K, used 0K [0x00000000d5580000, 0x00000000f6400000, 0x0000000100000000)
  eden space 404480K, 0% used [0x00000000d5580000,0x00000000d5580000,0x00000000ee080000)
  from space 49664K, 0% used [0x00000000f1780000,0x00000000f1780000,0x00000000f4800000)
  to   space 56320K, 0% used [0x00000000ee080000,0x00000000ee080000,0x00000000f1780000)
 ParOldGen       total 130048K, used 108521K [0x0000000080000000, 0x0000000087f00000, 0x00000000d5580000)
  object space 130048K, 83% used [0x0000000080000000,0x00000000869fa6c0,0x0000000087f00000)
 Metaspace       used 98684K, capacity 103880K, committed 104024K, reserved 1140736K
  class space    used 12688K, capacity 13633K, committed 13696K, reserved 1048576K
}
Event: 1322.711 GC heap before
{Heap before GC invocations=35 (full 6):
 PSYoungGen      total 454144K, used 404480K [0x00000000d5580000, 0x00000000f6400000, 0x0000000100000000)
  eden space 404480K, 100% used [0x00000000d5580000,0x00000000ee080000,0x00000000ee080000)
  from space 49664K, 0% used [0x00000000f1780000,0x00000000f1780000,0x00000000f4800000)
  to   space 56320K, 0% used [0x00000000ee080000,0x00000000ee080000,0x00000000f1780000)
 ParOldGen       total 130048K, used 108521K [0x0000000080000000, 0x0000000087f00000, 0x00000000d5580000)
  object space 130048K, 83% used [0x0000000080000000,0x00000000869fa6c0,0x0000000087f00000)
 Metaspace       used 98711K, capacity 103886K, committed 104024K, reserved 1140736K
  class space    used 12689K, capacity 13634K, committed 13696K, reserved 1048576K
Event: 1322.766 GC heap after
Heap after GC invocations=35 (full 6):
 PSYoungGen      total 460800K, used 12525K [0x00000000d5580000, 0x00000000f7880000, 0x0000000100000000)
  eden space 404480K, 0% used [0x00000000d5580000,0x00000000d5580000,0x00000000ee080000)
  from space 56320K, 22% used [0x00000000ee080000,0x00000000eecbb438,0x00000000f1780000)
  to   space 56832K, 0% used [0x00000000f4100000,0x00000000f4100000,0x00000000f7880000)
 ParOldGen       total 130048K, used 108529K [0x0000000080000000, 0x0000000087f00000, 0x00000000d5580000)
  object space 130048K, 83% used [0x0000000080000000,0x00000000869fc6c0,0x0000000087f00000)
 Metaspace       used 98711K, capacity 103886K, committed 104024K, reserved 1140736K
  class space    used 12689K, capacity 13634K, committed 13696K, reserved 1048576K
}

